<?xml version="1.0" encoding="UTF-8"?>
<!-- Generated by org.testng.reporters.JUnitReportReporter -->
<testsuite skipped="0" hostname="2LY89F2" name="com.stearns.suite.TC2_VerifyAddLoan" tests="1" failures="0" timestamp="21 Jun 2018 15:13:54 GMT" time="97.299" errors="0">
  <testcase name="VerifyAddLoan" time="97.299" classname="com.stearns.suite.TC2_VerifyAddLoan"/>
</testsuite> <!-- com.stearns.suite.TC2_VerifyAddLoan -->
